<?xml version="1.0" encoding="UTF-8"?>
<!-- Generated by org.testng.reporters.JUnitReportReporter -->
<testsuite hostname="DESKTOP-APQ9G29" failures="0" tests="3" name="com.amazon_search.qa.testcases.SearchAndCartFunctionality" time="30.413" errors="0" timestamp="2023-07-05T10:41:35 GMT-07:00" skipped="0">
  <testcase classname="com.amazon_search.qa.testcases.SearchAndCartFunctionality" name="verifyValidProductSearch" time="6.656"/>
  <system-out/>
  <testcase classname="com.amazon_search.qa.testcases.SearchAndCartFunctionality" name="verifyAddingProductToCart" time="16.962"/>
  <system-out/>
  <testcase classname="com.amazon_search.qa.testcases.SearchAndCartFunctionality" name="verifyInvalidProductSearch" time="6.795"/>
  <system-out/>
</testsuite> <!-- com.amazon_search.qa.testcases.SearchAndCartFunctionality -->
